#-----------------------------------------------------------
# PlanAhead v14.7 (64-bit)
# Build 321239 by xbuild on Fri Sep 27 19:29:51 MDT 2013
# Start of session at: Thu Mar 09 16:24:26 2023
# Process ID: 21000
# Log file: C:/Users/carlo/Desktop/Projeto1AC/planAhead_run_3/planAhead.log
# Journal file: C:/Users/carlo/Desktop/Projeto1AC/planAhead_run_3/planAhead.jou
#-----------------------------------------------------------
INFO: [Common 17-78] Attempting to get a license: PlanAhead
INFO: [Common 17-290] Got license for PlanAhead
INFO: [Common 17-86] Your PlanAhead license expires in -99 day(s)
INFO: [Device 21-36] Loading parts and site information from C:/Xilinx/14.7/ISE_DS/PlanAhead/data/parts/arch.xml
Parsing RTL primitives file [C:/Xilinx/14.7/ISE_DS/PlanAhead/data/parts/xilinx/rtl/prims/rtl_prims.xml]
Finished parsing RTL primitives file [C:/Xilinx/14.7/ISE_DS/PlanAhead/data/parts/xilinx/rtl/prims/rtl_prims.xml]
start_gui
source C:/Users/carlo/Desktop/Projeto1AC/pa.fromHdl.tcl
# create_project -name Projeto1AC -dir "C:/Users/carlo/Desktop/Projeto1AC/planAhead_run_4" -part xc7a100tcsg324-3
ERROR: [Common 17-53] User Exception: Project already exists on disk, please use '-force' option to overwrite: 
     C:/Users/carlo/Desktop/Projeto1AC/planAhead_run_4/Projeto1AC.ppr
     C:/Users/carlo/Desktop/Projeto1AC/planAhead_run_4/Projeto1AC.data

    while executing
"create_project -name Projeto1AC -dir "C:/Users/carlo/Desktop/Projeto1AC/planAhead_run_4" -part xc7a100tcsg324-3"
    (file "C:/Users/carlo/Desktop/Projeto1AC/pa.fromHdl.tcl" line 4)
exit
INFO: [Common 17-206] Exiting PlanAhead at Thu Mar 09 16:27:19 2023...
INFO: [Common 17-83] Releasing license: PlanAhead
