#-----------------------------------------------------------
# PlanAhead v14.7 (64-bit)
# Build 321239 by xbuild on Fri Sep 27 19:29:51 MDT 2013
# Start of session at: Wed Mar 15 11:35:15 2023
# Process ID: 18948
# Log file: C:/Users/carlo/Desktop/Projeto1AC/planAhead_run_5/planAhead.log
# Journal file: C:/Users/carlo/Desktop/Projeto1AC/planAhead_run_5/planAhead.jou
#-----------------------------------------------------------
INFO: [Common 17-78] Attempting to get a license: PlanAhead
INFO: [Common 17-290] Got license for PlanAhead
INFO: [Common 17-86] Your PlanAhead license expires in -105 day(s)
INFO: [Device 21-36] Loading parts and site information from C:/Xilinx/14.7/ISE_DS/PlanAhead/data/parts/arch.xml
Parsing RTL primitives file [C:/Xilinx/14.7/ISE_DS/PlanAhead/data/parts/xilinx/rtl/prims/rtl_prims.xml]
Finished parsing RTL primitives file [C:/Xilinx/14.7/ISE_DS/PlanAhead/data/parts/xilinx/rtl/prims/rtl_prims.xml]
start_gui
source C:/Users/carlo/Desktop/Projeto1AC/pa.fromHdl.tcl
# create_project -name Projeto1AC -dir "C:/Users/carlo/Desktop/Projeto1AC/planAhead_run_5" -part xc7a100tcsg324-3
# set_param project.pinAheadLayout yes
# set srcset [get_property srcset [current_run -impl]]
# set_property target_constrs_file "Motherboard.ucf" [current_fileset -constrset]
Adding file 'C:/Users/carlo/Desktop/Projeto1AC/Motherboard.ucf' to fileset 'constrs_1'
# set hdlfile [add_files [list {ROM.vhd}]]
# set_property file_type VHDL $hdlfile
# set_property library work $hdlfile
# set hdlfile [add_files [list {registoFlags.vhd}]]
# set_property file_type VHDL $hdlfile
# set_property library work $hdlfile
# set hdlfile [add_files [list {RegistoB.vhd}]]
# set_property file_type VHDL $hdlfile
# set_property library work $hdlfile
# set hdlfile [add_files [list {RegistoA.vhd}]]
# set_property file_type VHDL $hdlfile
# set_property library work $hdlfile
# set hdlfile [add_files [list {ProgramableCounter.vhd}]]
# set_property file_type VHDL $hdlfile
# set_property library work $hdlfile
# set hdlfile [add_files [list {NOR8B.vhd}]]
# set_property file_type VHDL $hdlfile
# set_property library work $hdlfile
# set hdlfile [add_files [list {Mux_R.vhd}]]
# set_property file_type VHDL $hdlfile
# set_property library work $hdlfile
# set hdlfile [add_files [list {Mux_PC.vhd}]]
# set_property file_type VHDL $hdlfile
# set_property library work $hdlfile
# set hdlfile [add_files [list {Gestor_de_perifericos.vhd}]]
# set_property file_type VHDL $hdlfile
# set_property library work $hdlfile
# set hdlfile [add_files [list {ALU.vhd}]]
# set_property file_type VHDL $hdlfile
# set_property library work $hdlfile
# set hdlfile [add_files [list {Processador.vhd}]]
# set_property file_type VHDL $hdlfile
# set_property library work $hdlfile
# set hdlfile [add_files [list {Memoria_de_Instrucoes.vhd}]]
# set_property file_type VHDL $hdlfile
# set_property library work $hdlfile
# set hdlfile [add_files [list {Memoria_de_dados_RAM.vhd}]]
# set_property file_type VHDL $hdlfile
# set_property library work $hdlfile
# set hdlfile [add_files [list {Motherboard.vhd}]]
# set_property file_type VHDL $hdlfile
# set_property library work $hdlfile
# set_property top Motherboard $srcset
# add_files [list {Motherboard.ucf}] -fileset [get_property constrset [current_run]]
# open_rtl_design -part xc7a100tcsg324-3
Using Verific elaboration
Parsing VHDL file "C:/Xilinx/14.7/ISE_DS/PlanAhead/data/parts/xilinx/rtl/lib/synplify/synattr.vhd" into library synplify
Parsing VHDL file "C:/Xilinx/14.7/ISE_DS/PlanAhead/data/parts/xilinx/rtl/lib/synplify/synattr.vhd" into library synplify
Parsing VHDL file "C:/Users/carlo/Desktop/Projeto1AC/ROM.vhd" into library work
Parsing VHDL file "C:/Users/carlo/Desktop/Projeto1AC/registoFlags.vhd" into library work
Parsing VHDL file "C:/Users/carlo/Desktop/Projeto1AC/RegistoB.vhd" into library work
Parsing VHDL file "C:/Users/carlo/Desktop/Projeto1AC/RegistoA.vhd" into library work
Parsing VHDL file "C:/Users/carlo/Desktop/Projeto1AC/ProgramableCounter.vhd" into library work
Parsing VHDL file "C:/Users/carlo/Desktop/Projeto1AC/NOR8B.vhd" into library work
Parsing VHDL file "C:/Users/carlo/Desktop/Projeto1AC/Mux_R.vhd" into library work
Parsing VHDL file "C:/Users/carlo/Desktop/Projeto1AC/Mux_PC.vhd" into library work
Parsing VHDL file "C:/Users/carlo/Desktop/Projeto1AC/Gestor_de_perifericos.vhd" into library work
Parsing VHDL file "C:/Users/carlo/Desktop/Projeto1AC/ALU.vhd" into library work
Parsing VHDL file "C:/Users/carlo/Desktop/Projeto1AC/Processador.vhd" into library work
Parsing VHDL file "C:/Users/carlo/Desktop/Projeto1AC/Memoria_de_Instrucoes.vhd" into library work
Parsing VHDL file "C:/Users/carlo/Desktop/Projeto1AC/Memoria_de_dados_RAM.vhd" into library work
Parsing VHDL file "C:/Users/carlo/Desktop/Projeto1AC/Motherboard.vhd" into library work
Loading clock regions from C:/Xilinx/14.7/ISE_DS/PlanAhead/data\parts/xilinx/artix7/artix7/xc7a100t/ClockRegion.xml
Loading clock buffers from C:/Xilinx/14.7/ISE_DS/PlanAhead/data\parts/xilinx/artix7/artix7/xc7a100t/ClockBuffers.xml
Loading clock placement rules from C:/Xilinx/14.7/ISE_DS/PlanAhead/data/parts/xilinx/artix7/ClockPlacerRules.xml
Loading package pin functions from C:/Xilinx/14.7/ISE_DS/PlanAhead/data\parts/xilinx/artix7/PinFunctions.xml...
Loading package from C:/Xilinx/14.7/ISE_DS/PlanAhead/data\parts/xilinx/artix7/artix7/xc7a100t/csg324/Package.xml
Loading io standards from C:/Xilinx/14.7/ISE_DS/PlanAhead/data\./parts/xilinx/artix7/IOStandards.xml
Loading device configuration modes from C:/Xilinx/14.7/ISE_DS/PlanAhead/data\parts/xilinx/artix7/ConfigModes.xml
Loading list of drcs for the architecture : C:/Xilinx/14.7/ISE_DS/PlanAhead/data\./parts/xilinx/artix7/drc.xml
Parsing UCF File [C:/Users/carlo/Desktop/Projeto1AC/Motherboard.ucf]
Finished Parsing UCF File [C:/Users/carlo/Desktop/Projeto1AC/Motherboard.ucf]
INFO: [Project 1-111] Unisim Transformation Summary:
No Unisim elements were transformed.

Phase 0 | Netlist Checksum: ef95975f
open_rtl_design: Time (s): elapsed = 00:00:11 . Memory (MB): peak = 870.859 ; gain = 379.379
update_compile_order -fileset sim_1
exit
ERROR: [PlanAhead 12-106] *** Exception: ui.h.b: Found deleted key in HTclEventBroker. Verify if the classes listed here call cleanup()
HTclEvent: SIGNAL_MODIFY   Classes: ui.views.aR 
HTclEvent: DEBUG_PORT_CONFIG_CHANGE   Classes: ui.views.aR 
HTclEvent: SIGNAL_BUS_MODIFY   Classes: ui.views.aR 
HTclEvent: DEBUG_CORE_CONFIG_CHANGE   Classes: ui.views.aR 
 (See C:/Users/carlo/Desktop/Projeto1AC\planAhead_pid18948.debug)
ERROR: [Common 17-39] 'stop_gui' failed due to earlier errors.
INFO: [Common 17-206] Exiting PlanAhead at Wed Mar 15 11:41:25 2023...
INFO: [Common 17-83] Releasing license: PlanAhead
